[3.842s] Invoking command in '/home/pi/rosandroid/src': DEBUGINFOD_URLS=https://debuginfod.ubuntu.com PYTHONPATH=/home/pi/rosandroid/build/rosandroid/prefix_override:/usr/lib/python3/dist-packages/colcon_core/task/python/colcon_distutils_commands:/home/pi/rosandroid/install/rosandroid/lib/python3.12/site-packages:${PYTHONPATH} /usr/bin/python3 -W ignore:setup.py install is deprecated setup.py egg_info --egg-base ../build/rosandroid build --build-base /home/pi/rosandroid/build/rosandroid/build install --record /home/pi/rosandroid/build/rosandroid/install.log --single-version-externally-managed install_data
[5.066s] running egg_info
[5.155s] writing ../build/rosandroid/rosandroid.egg-info/PKG-INFO
[5.156s] writing dependency_links to ../build/rosandroid/rosandroid.egg-info/dependency_links.txt
[5.157s] writing entry points to ../build/rosandroid/rosandroid.egg-info/entry_points.txt
[5.158s] writing requirements to ../build/rosandroid/rosandroid.egg-info/requires.txt
[5.159s] writing top-level names to ../build/rosandroid/rosandroid.egg-info/top_level.txt
[5.347s] reading manifest file '../build/rosandroid/rosandroid.egg-info/SOURCES.txt'
[5.351s] writing manifest file '../build/rosandroid/rosandroid.egg-info/SOURCES.txt'
[5.352s] running build
[5.354s] running build_py
[5.356s] copying rosandroid/android_server.py -> /home/pi/rosandroid/build/rosandroid/build/lib/rosandroid
[5.357s] running install
[5.380s] running install_lib
[5.467s] copying /home/pi/rosandroid/build/rosandroid/build/lib/rosandroid/android_server.py -> /home/pi/rosandroid/install/rosandroid/lib/python3.12/site-packages/rosandroid
[5.472s] byte-compiling /home/pi/rosandroid/install/rosandroid/lib/python3.12/site-packages/rosandroid/android_server.py to android_server.cpython-312.pyc
[5.477s] running install_data
[5.478s] running install_egg_info
[5.590s] removing '/home/pi/rosandroid/install/rosandroid/lib/python3.12/site-packages/rosandroid-0.0.0-py3.12.egg-info' (and everything under it)
[5.592s] Copying ../build/rosandroid/rosandroid.egg-info to /home/pi/rosandroid/install/rosandroid/lib/python3.12/site-packages/rosandroid-0.0.0-py3.12.egg-info
[5.597s] running install_scripts
[6.257s] Installing pub script to /home/pi/rosandroid/install/rosandroid/lib/rosandroid
[6.258s] Installing serv script to /home/pi/rosandroid/install/rosandroid/lib/rosandroid
[6.259s] Installing sub script to /home/pi/rosandroid/install/rosandroid/lib/rosandroid
[6.261s] writing list of installed files to '/home/pi/rosandroid/build/rosandroid/install.log'
[6.408s] Invoked command in '/home/pi/rosandroid/src' returned '0': DEBUGINFOD_URLS=https://debuginfod.ubuntu.com PYTHONPATH=/home/pi/rosandroid/build/rosandroid/prefix_override:/usr/lib/python3/dist-packages/colcon_core/task/python/colcon_distutils_commands:/home/pi/rosandroid/install/rosandroid/lib/python3.12/site-packages:${PYTHONPATH} /usr/bin/python3 -W ignore:setup.py install is deprecated setup.py egg_info --egg-base ../build/rosandroid build --build-base /home/pi/rosandroid/build/rosandroid/build install --record /home/pi/rosandroid/build/rosandroid/install.log --single-version-externally-managed install_data
