running egg_info
creating build/rosandroid/rosandroid.egg-info
writing build/rosandroid/rosandroid.egg-info/PKG-INFO
writing dependency_links to build/rosandroid/rosandroid.egg-info/dependency_links.txt
writing entry points to build/rosandroid/rosandroid.egg-info/entry_points.txt
writing requirements to build/rosandroid/rosandroid.egg-info/requires.txt
writing top-level names to build/rosandroid/rosandroid.egg-info/top_level.txt
writing manifest file 'build/rosandroid/rosandroid.egg-info/SOURCES.txt'
reading manifest file 'build/rosandroid/rosandroid.egg-info/SOURCES.txt'
writing manifest file 'build/rosandroid/rosandroid.egg-info/SOURCES.txt'
running build
running build_py
creating /home/pi/rosandroid/build/rosandroid/build
creating /home/pi/rosandroid/build/rosandroid/build/lib
creating /home/pi/rosandroid/build/rosandroid/build/lib/rosandroid
copying rosandroid/__init__.py -> /home/pi/rosandroid/build/rosandroid/build/lib/rosandroid
copying rosandroid/subcriber.py -> /home/pi/rosandroid/build/rosandroid/build/lib/rosandroid
copying rosandroid/publisher.py -> /home/pi/rosandroid/build/rosandroid/build/lib/rosandroid
running install
running install_lib
creating /home/pi/rosandroid/install/rosandroid/lib/python3.12/site-packages/rosandroid
copying /home/pi/rosandroid/build/rosandroid/build/lib/rosandroid/__init__.py -> /home/pi/rosandroid/install/rosandroid/lib/python3.12/site-packages/rosandroid
copying /home/pi/rosandroid/build/rosandroid/build/lib/rosandroid/subcriber.py -> /home/pi/rosandroid/install/rosandroid/lib/python3.12/site-packages/rosandroid
copying /home/pi/rosandroid/build/rosandroid/build/lib/rosandroid/publisher.py -> /home/pi/rosandroid/install/rosandroid/lib/python3.12/site-packages/rosandroid
byte-compiling /home/pi/rosandroid/install/rosandroid/lib/python3.12/site-packages/rosandroid/__init__.py to __init__.cpython-312.pyc
byte-compiling /home/pi/rosandroid/install/rosandroid/lib/python3.12/site-packages/rosandroid/subcriber.py to subcriber.cpython-312.pyc
byte-compiling /home/pi/rosandroid/install/rosandroid/lib/python3.12/site-packages/rosandroid/publisher.py to publisher.cpython-312.pyc
running install_data
creating /home/pi/rosandroid/install/rosandroid/share/ament_index
creating /home/pi/rosandroid/install/rosandroid/share/ament_index/resource_index
creating /home/pi/rosandroid/install/rosandroid/share/ament_index/resource_index/packages
copying resource/rosandroid -> /home/pi/rosandroid/install/rosandroid/share/ament_index/resource_index/packages
copying package.xml -> /home/pi/rosandroid/install/rosandroid/share/rosandroid
running install_egg_info
Copying build/rosandroid/rosandroid.egg-info to /home/pi/rosandroid/install/rosandroid/lib/python3.12/site-packages/rosandroid-0.0.0-py3.12.egg-info
running install_scripts
Installing pub script to /home/pi/rosandroid/install/rosandroid/lib/rosandroid
Installing sub script to /home/pi/rosandroid/install/rosandroid/lib/rosandroid
writing list of installed files to '/home/pi/rosandroid/build/rosandroid/install.log'
