running egg_info
writing ../build/rosandroid/rosandroid.egg-info/PKG-INFO
writing dependency_links to ../build/rosandroid/rosandroid.egg-info/dependency_links.txt
writing entry points to ../build/rosandroid/rosandroid.egg-info/entry_points.txt
writing requirements to ../build/rosandroid/rosandroid.egg-info/requires.txt
writing top-level names to ../build/rosandroid/rosandroid.egg-info/top_level.txt
reading manifest file '../build/rosandroid/rosandroid.egg-info/SOURCES.txt'
writing manifest file '../build/rosandroid/rosandroid.egg-info/SOURCES.txt'
running build
running build_py
copying rosandroid/android_server.py -> /home/pi/rosandroid/build/rosandroid/build/lib/rosandroid
running install
running install_lib
copying /home/pi/rosandroid/build/rosandroid/build/lib/rosandroid/android_server.py -> /home/pi/rosandroid/install/rosandroid/lib/python3.12/site-packages/rosandroid
byte-compiling /home/pi/rosandroid/install/rosandroid/lib/python3.12/site-packages/rosandroid/android_server.py to android_server.cpython-312.pyc
running install_data
running install_egg_info
removing '/home/pi/rosandroid/install/rosandroid/lib/python3.12/site-packages/rosandroid-0.0.0-py3.12.egg-info' (and everything under it)
Copying ../build/rosandroid/rosandroid.egg-info to /home/pi/rosandroid/install/rosandroid/lib/python3.12/site-packages/rosandroid-0.0.0-py3.12.egg-info
running install_scripts
Installing pub script to /home/pi/rosandroid/install/rosandroid/lib/rosandroid
Installing serv script to /home/pi/rosandroid/install/rosandroid/lib/rosandroid
Installing sub script to /home/pi/rosandroid/install/rosandroid/lib/rosandroid
writing list of installed files to '/home/pi/rosandroid/build/rosandroid/install.log'
