[3.895s] Invoking command in '/home/pi/rosandroid/src': DEBUGINFOD_URLS=https://debuginfod.ubuntu.com PYTHONPATH=/home/pi/rosandroid/build/rosandroid/prefix_override:/usr/lib/python3/dist-packages/colcon_core/task/python/colcon_distutils_commands:/home/pi/rosandroid/install/rosandroid/lib/python3.12/site-packages:${PYTHONPATH} /usr/bin/python3 -W ignore:setup.py install is deprecated setup.py egg_info --egg-base ../build/rosandroid build --build-base /home/pi/rosandroid/build/rosandroid/build install --record /home/pi/rosandroid/build/rosandroid/install.log --single-version-externally-managed install_data
[5.565s] running egg_info
[5.704s] writing ../build/rosandroid/rosandroid.egg-info/PKG-INFO
[5.705s] writing dependency_links to ../build/rosandroid/rosandroid.egg-info/dependency_links.txt
[5.706s] writing entry points to ../build/rosandroid/rosandroid.egg-info/entry_points.txt
[5.707s] writing requirements to ../build/rosandroid/rosandroid.egg-info/requires.txt
[5.708s] writing top-level names to ../build/rosandroid/rosandroid.egg-info/top_level.txt
[5.905s] reading manifest file '../build/rosandroid/rosandroid.egg-info/SOURCES.txt'
[5.909s] writing manifest file '../build/rosandroid/rosandroid.egg-info/SOURCES.txt'
[5.910s] running build
[5.911s] running build_py
[5.912s] copying rosandroid/android_server.py -> /home/pi/rosandroid/build/rosandroid/build/lib/rosandroid
[5.914s] running install
[5.938s] running install_lib
[6.028s] copying /home/pi/rosandroid/build/rosandroid/build/lib/rosandroid/android_server.py -> /home/pi/rosandroid/install/rosandroid/lib/python3.12/site-packages/rosandroid
[6.032s] byte-compiling /home/pi/rosandroid/install/rosandroid/lib/python3.12/site-packages/rosandroid/android_server.py to android_server.cpython-312.pyc
[6.037s] running install_data
[6.039s] running install_egg_info
[6.138s] removing '/home/pi/rosandroid/install/rosandroid/lib/python3.12/site-packages/rosandroid-0.0.0-py3.12.egg-info' (and everything under it)
[6.140s] Copying ../build/rosandroid/rosandroid.egg-info to /home/pi/rosandroid/install/rosandroid/lib/python3.12/site-packages/rosandroid-0.0.0-py3.12.egg-info
[6.145s] running install_scripts
[6.819s] Installing pub script to /home/pi/rosandroid/install/rosandroid/lib/rosandroid
[6.820s] Installing serv script to /home/pi/rosandroid/install/rosandroid/lib/rosandroid
[6.821s] Installing sub script to /home/pi/rosandroid/install/rosandroid/lib/rosandroid
[6.823s] writing list of installed files to '/home/pi/rosandroid/build/rosandroid/install.log'
[6.964s] Invoked command in '/home/pi/rosandroid/src' returned '0': DEBUGINFOD_URLS=https://debuginfod.ubuntu.com PYTHONPATH=/home/pi/rosandroid/build/rosandroid/prefix_override:/usr/lib/python3/dist-packages/colcon_core/task/python/colcon_distutils_commands:/home/pi/rosandroid/install/rosandroid/lib/python3.12/site-packages:${PYTHONPATH} /usr/bin/python3 -W ignore:setup.py install is deprecated setup.py egg_info --egg-base ../build/rosandroid build --build-base /home/pi/rosandroid/build/rosandroid/build install --record /home/pi/rosandroid/build/rosandroid/install.log --single-version-externally-managed install_data
