[3.919s] Invoking command in '/home/pi/rosandroid': DEBUGINFOD_URLS=https://debuginfod.ubuntu.com PYTHONPATH=/home/pi/rosandroid/build/rosandroid/prefix_override:/usr/lib/python3/dist-packages/colcon_core/task/python/colcon_distutils_commands:/home/pi/rosandroid/install/rosandroid/lib/python3.12/site-packages:${PYTHONPATH} /usr/bin/python3 -W ignore:setup.py install is deprecated setup.py egg_info --egg-base build/rosandroid build --build-base /home/pi/rosandroid/build/rosandroid/build install --record /home/pi/rosandroid/build/rosandroid/install.log --single-version-externally-managed install_data
[5.173s] running egg_info
[5.264s] writing build/rosandroid/rosandroid.egg-info/PKG-INFO
[5.265s] writing dependency_links to build/rosandroid/rosandroid.egg-info/dependency_links.txt
[5.267s] writing entry points to build/rosandroid/rosandroid.egg-info/entry_points.txt
[5.268s] writing requirements to build/rosandroid/rosandroid.egg-info/requires.txt
[5.269s] writing top-level names to build/rosandroid/rosandroid.egg-info/top_level.txt
[5.454s] reading manifest file 'build/rosandroid/rosandroid.egg-info/SOURCES.txt'
[5.457s] writing manifest file 'build/rosandroid/rosandroid.egg-info/SOURCES.txt'
[5.458s] running build
[5.458s] running build_py
[5.460s] running install
[5.484s] running install_lib
[5.578s] running install_data
[5.579s] running install_egg_info
[5.676s] removing '/home/pi/rosandroid/install/rosandroid/lib/python3.12/site-packages/rosandroid-0.0.0-py3.12.egg-info' (and everything under it)
[5.678s] Copying build/rosandroid/rosandroid.egg-info to /home/pi/rosandroid/install/rosandroid/lib/python3.12/site-packages/rosandroid-0.0.0-py3.12.egg-info
[5.685s] running install_scripts
[6.364s] Installing pub script to /home/pi/rosandroid/install/rosandroid/lib/rosandroid
[6.365s] Installing sub script to /home/pi/rosandroid/install/rosandroid/lib/rosandroid
[6.367s] writing list of installed files to '/home/pi/rosandroid/build/rosandroid/install.log'
[6.508s] Invoked command in '/home/pi/rosandroid' returned '0': DEBUGINFOD_URLS=https://debuginfod.ubuntu.com PYTHONPATH=/home/pi/rosandroid/build/rosandroid/prefix_override:/usr/lib/python3/dist-packages/colcon_core/task/python/colcon_distutils_commands:/home/pi/rosandroid/install/rosandroid/lib/python3.12/site-packages:${PYTHONPATH} /usr/bin/python3 -W ignore:setup.py install is deprecated setup.py egg_info --egg-base build/rosandroid build --build-base /home/pi/rosandroid/build/rosandroid/build install --record /home/pi/rosandroid/build/rosandroid/install.log --single-version-externally-managed install_data
