[3.821s] Invoking command in '/home/pi/rosandroid/src': DEBUGINFOD_URLS=https://debuginfod.ubuntu.com PYTHONPATH=/home/pi/rosandroid/build/rosandroid/prefix_override:/usr/lib/python3/dist-packages/colcon_core/task/python/colcon_distutils_commands:/home/pi/rosandroid/install/rosandroid/lib/python3.12/site-packages:${PYTHONPATH} /usr/bin/python3 -W ignore:setup.py install is deprecated setup.py egg_info --egg-base ../build/rosandroid build --build-base /home/pi/rosandroid/build/rosandroid/build install --record /home/pi/rosandroid/build/rosandroid/install.log --single-version-externally-managed install_data
[5.059s] running egg_info
[5.160s] writing ../build/rosandroid/rosandroid.egg-info/PKG-INFO
[5.162s] writing dependency_links to ../build/rosandroid/rosandroid.egg-info/dependency_links.txt
[5.163s] writing entry points to ../build/rosandroid/rosandroid.egg-info/entry_points.txt
[5.164s] writing requirements to ../build/rosandroid/rosandroid.egg-info/requires.txt
[5.165s] writing top-level names to ../build/rosandroid/rosandroid.egg-info/top_level.txt
[5.346s] reading manifest file '../build/rosandroid/rosandroid.egg-info/SOURCES.txt'
[5.350s] writing manifest file '../build/rosandroid/rosandroid.egg-info/SOURCES.txt'
[5.351s] running build
[5.351s] running build_py
[5.352s] copying rosandroid/android_server.py -> /home/pi/rosandroid/build/rosandroid/build/lib/rosandroid
[5.354s] running install
[5.380s] running install_lib
[5.471s] copying /home/pi/rosandroid/build/rosandroid/build/lib/rosandroid/android_server.py -> /home/pi/rosandroid/install/rosandroid/lib/python3.12/site-packages/rosandroid
[5.474s] byte-compiling /home/pi/rosandroid/install/rosandroid/lib/python3.12/site-packages/rosandroid/android_server.py to android_server.cpython-312.pyc
[5.479s] running install_data
[5.480s] running install_egg_info
[5.575s] removing '/home/pi/rosandroid/install/rosandroid/lib/python3.12/site-packages/rosandroid-0.0.0-py3.12.egg-info' (and everything under it)
[5.577s] Copying ../build/rosandroid/rosandroid.egg-info to /home/pi/rosandroid/install/rosandroid/lib/python3.12/site-packages/rosandroid-0.0.0-py3.12.egg-info
[5.582s] running install_scripts
[6.272s] Installing pub script to /home/pi/rosandroid/install/rosandroid/lib/rosandroid
[6.273s] Installing serv script to /home/pi/rosandroid/install/rosandroid/lib/rosandroid
[6.274s] Installing sub script to /home/pi/rosandroid/install/rosandroid/lib/rosandroid
[6.276s] writing list of installed files to '/home/pi/rosandroid/build/rosandroid/install.log'
[6.418s] Invoked command in '/home/pi/rosandroid/src' returned '0': DEBUGINFOD_URLS=https://debuginfod.ubuntu.com PYTHONPATH=/home/pi/rosandroid/build/rosandroid/prefix_override:/usr/lib/python3/dist-packages/colcon_core/task/python/colcon_distutils_commands:/home/pi/rosandroid/install/rosandroid/lib/python3.12/site-packages:${PYTHONPATH} /usr/bin/python3 -W ignore:setup.py install is deprecated setup.py egg_info --egg-base ../build/rosandroid build --build-base /home/pi/rosandroid/build/rosandroid/build install --record /home/pi/rosandroid/build/rosandroid/install.log --single-version-externally-managed install_data
