[0.435s] DEBUG:colcon:Command line arguments: ['/usr/bin/colcon', 'build', '--packages-select', 'rosandroid']
[0.435s] DEBUG:colcon:Parsed command line arguments: Namespace(log_base=None, log_level=None, verb_name='build', build_base='build', install_base='install', merge_install=False, symlink_install=False, test_result_base=None, continue_on_error=False, executor='parallel', parallel_workers=4, event_handlers=None, ignore_user_meta=False, metas=['./colcon.meta'], base_paths=['.'], packages_ignore=None, packages_ignore_regex=None, paths=None, packages_up_to=None, packages_up_to_regex=None, packages_above=None, packages_above_and_dependencies=None, packages_above_depth=None, packages_select_by_dep=None, packages_skip_by_dep=None, packages_skip_up_to=None, packages_select_build_failed=False, packages_skip_build_finished=False, packages_select_test_failures=False, packages_skip_test_passed=False, packages_select=['rosandroid'], packages_skip=None, packages_select_regex=None, packages_skip_regex=None, packages_start=None, packages_end=None, cmake_args=None, cmake_target=None, cmake_target_skip_unavailable=False, cmake_clean_cache=False, cmake_clean_first=False, cmake_force_configure=False, ament_cmake_args=None, catkin_cmake_args=None, catkin_skip_building_tests=False, verb_parser=<colcon_defaults.argument_parser.defaults.DefaultArgumentsDecorator object at 0xffffb5ef7740>, verb_extension=<colcon_core.verb.build.BuildVerb object at 0xffffb5faaab0>, main=<bound method BuildVerb.main of <colcon_core.verb.build.BuildVerb object at 0xffffb5faaab0>>)
[0.588s] Level 1:colcon.colcon_core.package_discovery:discover_packages(colcon_meta) check parameters
[0.588s] Level 1:colcon.colcon_core.package_discovery:discover_packages(recursive) check parameters
[0.588s] Level 1:colcon.colcon_core.package_discovery:discover_packages(ignore) check parameters
[0.589s] Level 1:colcon.colcon_core.package_discovery:discover_packages(path) check parameters
[0.589s] Level 1:colcon.colcon_core.package_discovery:discover_packages(colcon_meta) discover
[0.589s] Level 1:colcon.colcon_core.package_discovery:discover_packages(recursive) discover
[0.589s] INFO:colcon.colcon_core.package_discovery:Crawling recursively for packages in '/home/pi/rosandroid'
[0.590s] Level 1:colcon.colcon_core.package_identification:_identify(.) by extensions ['ignore', 'ignore_ament_install']
[0.590s] Level 1:colcon.colcon_core.package_identification:_identify(.) by extension 'ignore'
[0.591s] Level 1:colcon.colcon_core.package_identification:_identify(.) by extension 'ignore_ament_install'
[0.591s] Level 1:colcon.colcon_core.package_identification:_identify(.) by extensions ['colcon_pkg']
[0.591s] Level 1:colcon.colcon_core.package_identification:_identify(.) by extension 'colcon_pkg'
[0.592s] Level 1:colcon.colcon_core.package_identification:_identify(.) by extensions ['colcon_meta']
[0.592s] Level 1:colcon.colcon_core.package_identification:_identify(.) by extension 'colcon_meta'
[0.592s] Level 1:colcon.colcon_core.package_identification:_identify(.) by extensions ['ros']
[0.592s] Level 1:colcon.colcon_core.package_identification:_identify(.) by extension 'ros'
[0.705s] Level 1:colcon.colcon_core.package_identification:_identify(.) by extensions ['cmake', 'python']
[0.705s] Level 1:colcon.colcon_core.package_identification:_identify(.) by extension 'cmake'
[0.706s] Level 1:colcon.colcon_core.package_identification:_identify(.) by extension 'python'
[0.706s] Level 1:colcon.colcon_core.package_identification:_identify(.) by extensions ['python_setup_py']
[0.706s] Level 1:colcon.colcon_core.package_identification:_identify(.) by extension 'python_setup_py'
[0.707s] Level 1:colcon.colcon_core.package_identification:_identify(build) by extensions ['ignore', 'ignore_ament_install']
[0.708s] Level 1:colcon.colcon_core.package_identification:_identify(build) by extension 'ignore'
[0.708s] Level 1:colcon.colcon_core.package_identification:_identify(build) ignored
[0.709s] Level 1:colcon.colcon_core.package_identification:_identify(install) by extensions ['ignore', 'ignore_ament_install']
[0.710s] Level 1:colcon.colcon_core.package_identification:_identify(install) by extension 'ignore'
[0.710s] Level 1:colcon.colcon_core.package_identification:_identify(install) ignored
[0.711s] Level 1:colcon.colcon_core.package_identification:_identify(log) by extensions ['ignore', 'ignore_ament_install']
[0.711s] Level 1:colcon.colcon_core.package_identification:_identify(log) by extension 'ignore'
[0.711s] Level 1:colcon.colcon_core.package_identification:_identify(log) ignored
[0.712s] Level 1:colcon.colcon_core.package_identification:_identify(src) by extensions ['ignore', 'ignore_ament_install']
[0.712s] Level 1:colcon.colcon_core.package_identification:_identify(src) by extension 'ignore'
[0.713s] Level 1:colcon.colcon_core.package_identification:_identify(src) by extension 'ignore_ament_install'
[0.713s] Level 1:colcon.colcon_core.package_identification:_identify(src) by extensions ['colcon_pkg']
[0.714s] Level 1:colcon.colcon_core.package_identification:_identify(src) by extension 'colcon_pkg'
[0.714s] Level 1:colcon.colcon_core.package_identification:_identify(src) by extensions ['colcon_meta']
[0.714s] Level 1:colcon.colcon_core.package_identification:_identify(src) by extension 'colcon_meta'
[0.714s] Level 1:colcon.colcon_core.package_identification:_identify(src) by extensions ['ros']
[0.714s] Level 1:colcon.colcon_core.package_identification:_identify(src) by extension 'ros'
[0.724s] DEBUG:colcon.colcon_core.package_identification:Package 'src' with type 'ros.ament_python' and name 'rosandroid'
[0.724s] Level 1:colcon.colcon_core.package_discovery:discover_packages(recursive) using defaults
[0.725s] Level 1:colcon.colcon_core.package_discovery:discover_packages(ignore) discover
[0.725s] Level 1:colcon.colcon_core.package_discovery:discover_packages(ignore) using defaults
[0.725s] Level 1:colcon.colcon_core.package_discovery:discover_packages(path) discover
[0.725s] Level 1:colcon.colcon_core.package_discovery:discover_packages(path) using defaults
[0.806s] Level 5:colcon.colcon_core.verb:set package 'rosandroid' build argument 'cmake_args' from command line to 'None'
[0.806s] Level 5:colcon.colcon_core.verb:set package 'rosandroid' build argument 'cmake_target' from command line to 'None'
[0.806s] Level 5:colcon.colcon_core.verb:set package 'rosandroid' build argument 'cmake_target_skip_unavailable' from command line to 'False'
[0.806s] Level 5:colcon.colcon_core.verb:set package 'rosandroid' build argument 'cmake_clean_cache' from command line to 'False'
[0.807s] Level 5:colcon.colcon_core.verb:set package 'rosandroid' build argument 'cmake_clean_first' from command line to 'False'
[0.807s] Level 5:colcon.colcon_core.verb:set package 'rosandroid' build argument 'cmake_force_configure' from command line to 'False'
[0.807s] Level 5:colcon.colcon_core.verb:set package 'rosandroid' build argument 'ament_cmake_args' from command line to 'None'
[0.807s] Level 5:colcon.colcon_core.verb:set package 'rosandroid' build argument 'catkin_cmake_args' from command line to 'None'
[0.807s] Level 5:colcon.colcon_core.verb:set package 'rosandroid' build argument 'catkin_skip_building_tests' from command line to 'False'
[0.807s] DEBUG:colcon.colcon_core.verb:Building package 'rosandroid' with the following arguments: {'ament_cmake_args': None, 'build_base': '/home/pi/rosandroid/build/rosandroid', 'catkin_cmake_args': None, 'catkin_skip_building_tests': False, 'cmake_args': None, 'cmake_clean_cache': False, 'cmake_clean_first': False, 'cmake_force_configure': False, 'cmake_target': None, 'cmake_target_skip_unavailable': False, 'install_base': '/home/pi/rosandroid/install/rosandroid', 'merge_install': False, 'path': '/home/pi/rosandroid/src', 'symlink_install': False, 'test_result_base': None}
[0.808s] INFO:colcon.colcon_core.executor:Executing jobs using 'parallel' executor
[0.811s] DEBUG:colcon.colcon_parallel_executor.executor.parallel:run_until_complete
[0.812s] INFO:colcon.colcon_ros.task.ament_python.build:Building ROS package in '/home/pi/rosandroid/src' with build type 'ament_python'
[0.813s] Level 1:colcon.colcon_core.shell:create_environment_hook('rosandroid', 'ament_prefix_path')
[0.823s] INFO:colcon.colcon_core.plugin_system:Skipping extension 'colcon_core.shell.bat': Not used on non-Windows systems
[0.824s] INFO:colcon.colcon_core.shell:Creating environment descriptor '/home/pi/rosandroid/install/rosandroid/share/rosandroid/hook/ament_prefix_path.dsv'
[0.827s] INFO:colcon.colcon_core.shell:Creating environment hook '/home/pi/rosandroid/install/rosandroid/share/rosandroid/hook/ament_prefix_path.sh'
[0.830s] DEBUG:colcon.colcon_core.shell:Skip shell extension 'dsv' for command environment
[1.864s] INFO:colcon.colcon_core.task.python.build:Building Python package in '/home/pi/rosandroid/src'
[1.865s] DEBUG:colcon.colcon_core.shell:Skip shell extension 'dsv' for command environment
[4.675s] DEBUG:colcon.colcon_core.event_handler.log_command:Invoking command in '/home/pi/rosandroid/src': DEBUGINFOD_URLS=https://debuginfod.ubuntu.com PYTHONPATH=/home/pi/rosandroid/build/rosandroid/prefix_override:/usr/lib/python3/dist-packages/colcon_core/task/python/colcon_distutils_commands:/home/pi/rosandroid/install/rosandroid/lib/python3.12/site-packages:${PYTHONPATH} /usr/bin/python3 -W ignore:setup.py install is deprecated setup.py egg_info --egg-base ../build/rosandroid build --build-base /home/pi/rosandroid/build/rosandroid/build install --record /home/pi/rosandroid/build/rosandroid/install.log --single-version-externally-managed install_data
[7.231s] DEBUG:colcon.colcon_core.event_handler.log_command:Invoked command in '/home/pi/rosandroid/src' returned '0': DEBUGINFOD_URLS=https://debuginfod.ubuntu.com PYTHONPATH=/home/pi/rosandroid/build/rosandroid/prefix_override:/usr/lib/python3/dist-packages/colcon_core/task/python/colcon_distutils_commands:/home/pi/rosandroid/install/rosandroid/lib/python3.12/site-packages:${PYTHONPATH} /usr/bin/python3 -W ignore:setup.py install is deprecated setup.py egg_info --egg-base ../build/rosandroid build --build-base /home/pi/rosandroid/build/rosandroid/build install --record /home/pi/rosandroid/build/rosandroid/install.log --single-version-externally-managed install_data
[7.241s] Level 1:colcon.colcon_core.environment:checking '/home/pi/rosandroid/install/rosandroid' for CMake module files
[7.244s] Level 1:colcon.colcon_core.environment:checking '/home/pi/rosandroid/install/rosandroid' for CMake config files
[7.249s] Level 1:colcon.colcon_core.environment:checking '/home/pi/rosandroid/install/rosandroid/lib'
[7.250s] Level 1:colcon.colcon_core.environment:checking '/home/pi/rosandroid/install/rosandroid/bin'
[7.251s] Level 1:colcon.colcon_core.environment:checking '/home/pi/rosandroid/install/rosandroid/lib/pkgconfig/rosandroid.pc'
[7.252s] Level 1:colcon.colcon_core.environment:checking '/home/pi/rosandroid/install/rosandroid/lib/python3.12/site-packages'
[7.253s] Level 1:colcon.colcon_core.shell:create_environment_hook('rosandroid', 'pythonpath')
[7.253s] INFO:colcon.colcon_core.shell:Creating environment descriptor '/home/pi/rosandroid/install/rosandroid/share/rosandroid/hook/pythonpath.dsv'
[7.255s] INFO:colcon.colcon_core.shell:Creating environment hook '/home/pi/rosandroid/install/rosandroid/share/rosandroid/hook/pythonpath.sh'
[7.258s] Level 1:colcon.colcon_core.environment:checking '/home/pi/rosandroid/install/rosandroid/bin'
[7.258s] Level 1:colcon.colcon_core.environment:create_environment_scripts_only(rosandroid)
[7.259s] INFO:colcon.colcon_core.shell:Creating package descriptor '/home/pi/rosandroid/install/rosandroid/share/rosandroid/package.dsv'
[7.262s] INFO:colcon.colcon_core.shell:Creating package script '/home/pi/rosandroid/install/rosandroid/share/rosandroid/package.sh'
[7.266s] INFO:colcon.colcon_core.shell:Creating package script '/home/pi/rosandroid/install/rosandroid/share/rosandroid/package.bash'
[7.270s] INFO:colcon.colcon_core.shell:Creating package script '/home/pi/rosandroid/install/rosandroid/share/rosandroid/package.zsh'
[7.273s] Level 1:colcon.colcon_core.environment:create_file_with_runtime_dependencies(/home/pi/rosandroid/install/rosandroid/share/colcon-core/packages/rosandroid)
[7.274s] DEBUG:colcon.colcon_parallel_executor.executor.parallel:closing loop
[7.276s] DEBUG:colcon.colcon_parallel_executor.executor.parallel:loop closed
[7.276s] DEBUG:colcon.colcon_parallel_executor.executor.parallel:run_until_complete finished with '0'
[7.277s] DEBUG:colcon.colcon_core.event_reactor:joining thread
[7.301s] INFO:colcon.colcon_core.plugin_system:Skipping extension 'colcon_notification.desktop_notification.terminal_notifier': Not used on non-Darwin systems
[7.302s] INFO:colcon.colcon_core.plugin_system:Skipping extension 'colcon_notification.desktop_notification.win32': Not used on non-Windows systems
[7.302s] INFO:colcon.colcon_notification.desktop_notification:Sending desktop notification using 'notify2'
[7.346s] DEBUG:colcon.colcon_core.event_reactor:joined thread
[7.347s] INFO:colcon.colcon_core.shell:Creating prefix script '/home/pi/rosandroid/install/local_setup.sh'
[7.350s] INFO:colcon.colcon_core.shell:Creating prefix util module '/home/pi/rosandroid/install/_local_setup_util_sh.py'
[7.354s] INFO:colcon.colcon_core.shell:Creating prefix chain script '/home/pi/rosandroid/install/setup.sh'
[7.361s] INFO:colcon.colcon_core.shell:Creating prefix script '/home/pi/rosandroid/install/local_setup.bash'
[7.363s] INFO:colcon.colcon_core.shell:Creating prefix chain script '/home/pi/rosandroid/install/setup.bash'
[7.369s] INFO:colcon.colcon_core.shell:Creating prefix script '/home/pi/rosandroid/install/local_setup.zsh'
[7.371s] INFO:colcon.colcon_core.shell:Creating prefix chain script '/home/pi/rosandroid/install/setup.zsh'
