[3.854s] Invoking command in '/home/pi/rosandroid/src': DEBUGINFOD_URLS=https://debuginfod.ubuntu.com PYTHONPATH=/home/pi/rosandroid/build/rosandroid/prefix_override:/usr/lib/python3/dist-packages/colcon_core/task/python/colcon_distutils_commands:/home/pi/rosandroid/install/rosandroid/lib/python3.12/site-packages:${PYTHONPATH} /usr/bin/python3 -W ignore:setup.py install is deprecated setup.py egg_info --egg-base ../build/rosandroid build --build-base /home/pi/rosandroid/build/rosandroid/build install --record /home/pi/rosandroid/build/rosandroid/install.log --single-version-externally-managed install_data
[5.097s] running egg_info
[5.185s] writing ../build/rosandroid/rosandroid.egg-info/PKG-INFO
[5.186s] writing dependency_links to ../build/rosandroid/rosandroid.egg-info/dependency_links.txt
[5.188s] writing entry points to ../build/rosandroid/rosandroid.egg-info/entry_points.txt
[5.188s] writing requirements to ../build/rosandroid/rosandroid.egg-info/requires.txt
[5.189s] writing top-level names to ../build/rosandroid/rosandroid.egg-info/top_level.txt
[5.375s] reading manifest file '../build/rosandroid/rosandroid.egg-info/SOURCES.txt'
[5.379s] writing manifest file '../build/rosandroid/rosandroid.egg-info/SOURCES.txt'
[5.380s] running build
[5.380s] running build_py
[5.382s] running install
[5.406s] running install_lib
[5.499s] running install_data
[5.500s] running install_egg_info
[5.595s] removing '/home/pi/rosandroid/install/rosandroid/lib/python3.12/site-packages/rosandroid-0.0.0-py3.12.egg-info' (and everything under it)
[5.597s] Copying ../build/rosandroid/rosandroid.egg-info to /home/pi/rosandroid/install/rosandroid/lib/python3.12/site-packages/rosandroid-0.0.0-py3.12.egg-info
[5.602s] running install_scripts
[6.270s] Installing pub script to /home/pi/rosandroid/install/rosandroid/lib/rosandroid
[6.271s] Installing serv script to /home/pi/rosandroid/install/rosandroid/lib/rosandroid
[6.272s] Installing sub script to /home/pi/rosandroid/install/rosandroid/lib/rosandroid
[6.274s] writing list of installed files to '/home/pi/rosandroid/build/rosandroid/install.log'
[6.418s] Invoked command in '/home/pi/rosandroid/src' returned '0': DEBUGINFOD_URLS=https://debuginfod.ubuntu.com PYTHONPATH=/home/pi/rosandroid/build/rosandroid/prefix_override:/usr/lib/python3/dist-packages/colcon_core/task/python/colcon_distutils_commands:/home/pi/rosandroid/install/rosandroid/lib/python3.12/site-packages:${PYTHONPATH} /usr/bin/python3 -W ignore:setup.py install is deprecated setup.py egg_info --egg-base ../build/rosandroid build --build-base /home/pi/rosandroid/build/rosandroid/build install --record /home/pi/rosandroid/build/rosandroid/install.log --single-version-externally-managed install_data
