/home/pi/rosandroid/install/rosandroid/lib/python3.12/site-packages/rosandroid/android_server.py
/home/pi/rosandroid/install/rosandroid/lib/python3.12/site-packages/rosandroid/__init__.py
/home/pi/rosandroid/install/rosandroid/lib/python3.12/site-packages/rosandroid/subcriber.py
/home/pi/rosandroid/install/rosandroid/lib/python3.12/site-packages/rosandroid/publisher.py
/home/pi/rosandroid/install/rosandroid/lib/python3.12/site-packages/rosandroid/__pycache__/android_server.cpython-312.pyc
/home/pi/rosandroid/install/rosandroid/lib/python3.12/site-packages/rosandroid/__pycache__/__init__.cpython-312.pyc
/home/pi/rosandroid/install/rosandroid/lib/python3.12/site-packages/rosandroid/__pycache__/subcriber.cpython-312.pyc
/home/pi/rosandroid/install/rosandroid/lib/python3.12/site-packages/rosandroid/__pycache__/publisher.cpython-312.pyc
/home/pi/rosandroid/install/rosandroid/share/ament_index/resource_index/packages/rosandroid
/home/pi/rosandroid/install/rosandroid/share/rosandroid/package.xml
/home/pi/rosandroid/install/rosandroid/lib/python3.12/site-packages/rosandroid-0.0.0-py3.12.egg-info/SOURCES.txt
/home/pi/rosandroid/install/rosandroid/lib/python3.12/site-packages/rosandroid-0.0.0-py3.12.egg-info/dependency_links.txt
/home/pi/rosandroid/install/rosandroid/lib/python3.12/site-packages/rosandroid-0.0.0-py3.12.egg-info/entry_points.txt
/home/pi/rosandroid/install/rosandroid/lib/python3.12/site-packages/rosandroid-0.0.0-py3.12.egg-info/PKG-INFO
/home/pi/rosandroid/install/rosandroid/lib/python3.12/site-packages/rosandroid-0.0.0-py3.12.egg-info/requires.txt
/home/pi/rosandroid/install/rosandroid/lib/python3.12/site-packages/rosandroid-0.0.0-py3.12.egg-info/zip-safe
/home/pi/rosandroid/install/rosandroid/lib/python3.12/site-packages/rosandroid-0.0.0-py3.12.egg-info/top_level.txt
/home/pi/rosandroid/install/rosandroid/lib/rosandroid/pub
/home/pi/rosandroid/install/rosandroid/lib/rosandroid/serv
/home/pi/rosandroid/install/rosandroid/lib/rosandroid/sub
